# JRE version: Java(TM) SE Runtime Environment (21.0.1+12) (build 21.0.1+12-LTS-29)
# Java VM: Java HotSpot(TM) 64-Bit Server VM (21.0.1+12-LTS-29, mixed mode, sharing, tiered, compressed oops, compressed class ptrs, g1 gc, windows-amd64)
GC Precious Log:
 CardTable entry size: 512
 Card Set container configuration: InlinePtr #cards 5 size 8 Array Of Cards #cards 12 size 40 Howl #buckets 4 coarsen threshold 1843 Howl Bitmap #cards 512 size 80 coarsen threshold 460 Card regions per heap region 1 cards per card region 2048
 CPUs: 8 total, 8 available
 Memory: 7531M
 Large Page Support: Disabled
 NUMA Support: Disabled
 Compressed Oops: Enabled (32-bit)
 Heap Region Size: 1M
 Heap Min Capacity: 8M
 Heap Initial Capacity: 118M
 Heap Max Capacity: 1884M
 Pre-touch: Disabled
 Parallel Workers: 8
 Concurrent Workers: 2
 Concurrent Refinement Workers: 8
 Periodic GC: Disabled
Heap:
 garbage-first heap   total 119808K, used 39414K [0x000000008a400000, 0x0000000100000000)
  region size 1024K, 5 young (5120K), 3 survivors (3072K)
 Metaspace       used 24528K, committed 24832K, reserved 1114112K
  class space    used 2265K, committed 2432K, reserved 1048576K
GC Heap History (20 events):
Event: 23.305 GC heap before
{Heap before GC invocations=9 (full 0):
 garbage-first heap   total 119808K, used 56671K [0x000000008a400000, 0x0000000100000000)
  region size 1024K, 6 young (6144K), 4 survivors (4096K)
 Metaspace       used 24469K, committed 24768K, reserved 1114112K
  class space    used 2265K, committed 2432K, reserved 1048576K
}
Event: 23.307 GC heap after
{Heap after GC invocations=10 (full 0):
 garbage-first heap   total 119808K, used 32099K [0x000000008a400000, 0x0000000100000000)
  region size 1024K, 4 young (4096K), 4 survivors (4096K)
 Metaspace       used 24469K, committed 24768K, reserved 1114112K
  class space    used 2265K, committed 2432K, reserved 1048576K
}
Event: 23.717 GC heap before
{Heap before GC invocations=10 (full 0):
 garbage-first heap   total 119808K, used 56675K [0x000000008a400000, 0x0000000100000000)
  region size 1024K, 6 young (6144K), 4 survivors (4096K)
 Metaspace       used 24480K, committed 24768K, reserved 1114112K
  class space    used 2265K, committed 2432K, reserved 1048576K
}
Event: 23.719 GC heap after
{Heap after GC invocations=11 (full 0):
 garbage-first heap   total 119808K, used 22992K [0x000000008a400000, 0x0000000100000000)
  region size 1024K, 4 young (4096K), 4 survivors (4096K)
 Metaspace       used 24480K, committed 24768K, reserved 1114112K
  class space    used 2265K, committed 2432K, reserved 1048576K
}
Event: 24.243 GC heap before
{Heap before GC invocations=11 (full 0):
 garbage-first heap   total 119808K, used 57808K [0x000000008a400000, 0x0000000100000000)
  region size 1024K, 7 young (7168K), 4 survivors (4096K)
 Metaspace       used 24482K, committed 24768K, reserved 1114112K
  class space    used 2265K, committed 2432K, reserved 1048576K
}
Event: 24.246 GC heap after
{Heap after GC invocations=12 (full 0):
 garbage-first heap   total 119808K, used 27194K [0x000000008a400000, 0x0000000100000000)
  region size 1024K, 4 young (4096K), 4 survivors (4096K)
 Metaspace       used 24482K, committed 24768K, reserved 1114112K
  class space    used 2265K, committed 2432K, reserved 1048576K
}
Event: 24.697 GC heap before
{Heap before GC invocations=12 (full 0):
 garbage-first heap   total 119808K, used 56890K [0x000000008a400000, 0x0000000100000000)
  region size 1024K, 6 young (6144K), 4 survivors (4096K)
 Metaspace       used 24482K, committed 24768K, reserved 1114112K
  class space    used 2265K, committed 2432K, reserved 1048576K
}
Event: 24.700 GC heap after
{Heap after GC invocations=13 (full 0):
 garbage-first heap   total 119808K, used 25039K [0x000000008a400000, 0x0000000100000000)
  region size 1024K, 4 young (4096K), 4 survivors (4096K)
 Metaspace       used 24482K, committed 24768K, reserved 1114112K
  class space    used 2265K, committed 2432K, reserved 1048576K
}
Event: 25.219 GC heap before
{Heap before GC invocations=13 (full 0):
 garbage-first heap   total 119808K, used 56783K [0x000000008a400000, 0x0000000100000000)
  region size 1024K, 6 young (6144K), 4 survivors (4096K)
 Metaspace       used 24487K, committed 24768K, reserved 1114112K
  class space    used 2265K, committed 2432K, reserved 1048576K
}
Event: 25.222 GC heap after
{Heap after GC invocations=14 (full 0):
 garbage-first heap   total 119808K, used 26063K [0x000000008a400000, 0x0000000100000000)
  region size 1024K, 4 young (4096K), 4 survivors (4096K)
 Metaspace       used 24487K, committed 24768K, reserved 1114112K
  class space    used 2265K, committed 2432K, reserved 1048576K
}
Event: 25.708 GC heap before
{Heap before GC invocations=14 (full 0):
 garbage-first heap   total 119808K, used 57807K [0x000000008a400000, 0x0000000100000000)
  region size 1024K, 7 young (7168K), 4 survivors (4096K)
 Metaspace       used 24491K, committed 24768K, reserved 1114112K
  class space    used 2265K, committed 2432K, reserved 1048576K
}
Event: 25.711 GC heap after
{Heap after GC invocations=15 (full 0):
 garbage-first heap   total 119808K, used 26063K [0x000000008a400000, 0x0000000100000000)
  region size 1024K, 4 young (4096K), 4 survivors (4096K)
 Metaspace       used 24491K, committed 24768K, reserved 1114112K
  class space    used 2265K, committed 2432K, reserved 1048576K
}
Event: 26.228 GC heap before
{Heap before GC invocations=15 (full 0):
 garbage-first heap   total 119808K, used 58831K [0x000000008a400000, 0x0000000100000000)
  region size 1024K, 8 young (8192K), 4 survivors (4096K)
 Metaspace       used 24508K, committed 24768K, reserved 1114112K
  class space    used 2265K, committed 2432K, reserved 1048576K
}
Event: 26.230 GC heap after
{Heap after GC invocations=16 (full 0):
 garbage-first heap   total 119808K, used 25957K [0x000000008a400000, 0x0000000100000000)
  region size 1024K, 4 young (4096K), 4 survivors (4096K)
 Metaspace       used 24508K, committed 24768K, reserved 1114112K
  class space    used 2265K, committed 2432K, reserved 1048576K
}
Event: 26.666 GC heap before
{Heap before GC invocations=16 (full 0):
 garbage-first heap   total 119808K, used 56677K [0x000000008a400000, 0x0000000100000000)
  region size 1024K, 6 young (6144K), 4 survivors (4096K)
 Metaspace       used 24509K, committed 24832K, reserved 1114112K
  class space    used 2265K, committed 2432K, reserved 1048576K
}
Event: 26.668 GC heap after
{Heap after GC invocations=17 (full 0):
 garbage-first heap   total 119808K, used 27193K [0x000000008a400000, 0x0000000100000000)
  region size 1024K, 4 young (4096K), 4 survivors (4096K)
 Metaspace       used 24509K, committed 24832K, reserved 1114112K
  class space    used 2265K, committed 2432K, reserved 1048576K
}
Event: 27.145 GC heap before
{Heap before GC invocations=17 (full 0):
 garbage-first heap   total 119808K, used 56889K [0x000000008a400000, 0x0000000100000000)
  region size 1024K, 6 young (6144K), 4 survivors (4096K)
 Metaspace       used 24512K, committed 24832K, reserved 1114112K
  class space    used 2265K, committed 2432K, reserved 1048576K
}
Event: 27.148 GC heap after
{Heap after GC invocations=18 (full 0):
 garbage-first heap   total 119808K, used 28168K [0x000000008a400000, 0x0000000100000000)
  region size 1024K, 4 young (4096K), 4 survivors (4096K)
 Metaspace       used 24512K, committed 24832K, reserved 1114112K
  class space    used 2265K, committed 2432K, reserved 1048576K
}
Event: 27.621 GC heap before
{Heap before GC invocations=18 (full 0):
 garbage-first heap   total 119808K, used 57864K [0x000000008a400000, 0x0000000100000000)
  region size 1024K, 7 young (7168K), 4 survivors (4096K)
 Metaspace       used 24524K, committed 24832K, reserved 1114112K
  class space    used 2265K, committed 2432K, reserved 1048576K
}
Event: 27.623 GC heap after
{Heap after GC invocations=19 (full 0):
 garbage-first heap   total 119808K, used 26102K [0x000000008a400000, 0x0000000100000000)
  region size 1024K, 3 young (3072K), 3 survivors (3072K)
 Metaspace       used 24524K, committed 24832K, reserved 1114112K
  class space    used 2265K, committed 2432K, reserved 1048576K
}

