# JRE version: Java(TM) SE Runtime Environment (21.0.1+12) (build 21.0.1+12-LTS-29)
# Java VM: Java HotSpot(TM) 64-Bit Server VM (21.0.1+12-LTS-29, mixed mode, sharing, tiered, compressed oops, compressed class ptrs, g1 gc, windows-amd64)
GC Precious Log:
 CardTable entry size: 512
 Card Set container configuration: InlinePtr #cards 5 size 8 Array Of Cards #cards 12 size 40 Howl #buckets 4 coarsen threshold 1843 Howl Bitmap #cards 512 size 80 coarsen threshold 460 Card regions per heap region 1 cards per card region 2048
 CPUs: 8 total, 8 available
 Memory: 7531M
 Large Page Support: Disabled
 NUMA Support: Disabled
 Compressed Oops: Enabled (32-bit)
 Heap Region Size: 1M
 Heap Min Capacity: 8M
 Heap Initial Capacity: 118M
 Heap Max Capacity: 1884M
 Pre-touch: Disabled
 Parallel Workers: 8
 Concurrent Workers: 2
 Concurrent Refinement Workers: 8
 Periodic GC: Disabled
Heap:
 garbage-first heap   total 128000K, used 61222K [0x000000008a400000, 0x0000000100000000)
  region size 1024K, 11 young (11264K), 3 survivors (3072K)
 Metaspace       used 25252K, committed 25600K, reserved 1114112K
  class space    used 2275K, committed 2432K, reserved 1048576K
GC Heap History (20 events):
Event: 37.753 GC heap before
{Heap before GC invocations=10 (full 0):
 garbage-first heap   total 106496K, used 53134K [0x000000008a400000, 0x0000000100000000)
  region size 1024K, 8 young (8192K), 4 survivors (4096K)
 Metaspace       used 24777K, committed 25088K, reserved 1114112K
  class space    used 2273K, committed 2432K, reserved 1048576K
}
Event: 37.756 GC heap after
{Heap after GC invocations=11 (full 0):
 garbage-first heap   total 106496K, used 29378K [0x000000008a400000, 0x0000000100000000)
  region size 1024K, 4 young (4096K), 4 survivors (4096K)
 Metaspace       used 24777K, committed 25088K, reserved 1114112K
  class space    used 2273K, committed 2432K, reserved 1048576K
}
Event: 38.137 GC heap before
{Heap before GC invocations=11 (full 0):
 garbage-first heap   total 106496K, used 50882K [0x000000008a400000, 0x0000000100000000)
  region size 1024K, 6 young (6144K), 4 survivors (4096K)
 Metaspace       used 24790K, committed 25088K, reserved 1114112K
  class space    used 2273K, committed 2432K, reserved 1048576K
}
Event: 38.142 GC heap after
{Heap after GC invocations=12 (full 0):
 garbage-first heap   total 106496K, used 23111K [0x000000008a400000, 0x0000000100000000)
  region size 1024K, 4 young (4096K), 4 survivors (4096K)
 Metaspace       used 24790K, committed 25088K, reserved 1114112K
  class space    used 2273K, committed 2432K, reserved 1048576K
}
Event: 38.555 GC heap before
{Heap before GC invocations=12 (full 0):
 garbage-first heap   total 106496K, used 53831K [0x000000008a400000, 0x0000000100000000)
  region size 1024K, 9 young (9216K), 4 survivors (4096K)
 Metaspace       used 24837K, committed 25152K, reserved 1114112K
  class space    used 2273K, committed 2432K, reserved 1048576K
}
Event: 38.559 GC heap after
{Heap after GC invocations=13 (full 0):
 garbage-first heap   total 106496K, used 26507K [0x000000008a400000, 0x0000000100000000)
  region size 1024K, 4 young (4096K), 4 survivors (4096K)
 Metaspace       used 24837K, committed 25152K, reserved 1114112K
  class space    used 2273K, committed 2432K, reserved 1048576K
}
Event: 38.926 GC heap before
{Heap before GC invocations=13 (full 0):
 garbage-first heap   total 106496K, used 54155K [0x000000008a400000, 0x0000000100000000)
  region size 1024K, 9 young (9216K), 4 survivors (4096K)
 Metaspace       used 24842K, committed 25152K, reserved 1114112K
  class space    used 2273K, committed 2432K, reserved 1048576K
}
Event: 38.930 GC heap after
{Heap after GC invocations=14 (full 0):
 garbage-first heap   total 106496K, used 25495K [0x000000008a400000, 0x0000000100000000)
  region size 1024K, 4 young (4096K), 4 survivors (4096K)
 Metaspace       used 24842K, committed 25152K, reserved 1114112K
  class space    used 2273K, committed 2432K, reserved 1048576K
}
Event: 39.335 GC heap before
{Heap before GC invocations=14 (full 0):
 garbage-first heap   total 106496K, used 54167K [0x000000008a400000, 0x0000000100000000)
  region size 1024K, 9 young (9216K), 4 survivors (4096K)
 Metaspace       used 24877K, committed 25152K, reserved 1114112K
  class space    used 2273K, committed 2432K, reserved 1048576K
}
Event: 39.339 GC heap after
{Heap after GC invocations=15 (full 0):
 garbage-first heap   total 106496K, used 25493K [0x000000008a400000, 0x0000000100000000)
  region size 1024K, 4 young (4096K), 4 survivors (4096K)
 Metaspace       used 24877K, committed 25152K, reserved 1114112K
  class space    used 2273K, committed 2432K, reserved 1048576K
}
Event: 39.751 GC heap before
{Heap before GC invocations=15 (full 0):
 garbage-first heap   total 106496K, used 55189K [0x000000008a400000, 0x0000000100000000)
  region size 1024K, 10 young (10240K), 4 survivors (4096K)
 Metaspace       used 24908K, committed 25216K, reserved 1114112K
  class space    used 2273K, committed 2432K, reserved 1048576K
}
Event: 39.755 GC heap after
{Heap after GC invocations=16 (full 0):
 garbage-first heap   total 128000K, used 24467K [0x000000008a400000, 0x0000000100000000)
  region size 1024K, 4 young (4096K), 4 survivors (4096K)
 Metaspace       used 24908K, committed 25216K, reserved 1114112K
  class space    used 2273K, committed 2432K, reserved 1048576K
}
Event: 40.296 GC heap before
{Heap before GC invocations=16 (full 0):
 garbage-first heap   total 128000K, used 65427K [0x000000008a400000, 0x0000000100000000)
  region size 1024K, 10 young (10240K), 4 survivors (4096K)
 Metaspace       used 24944K, committed 25280K, reserved 1114112K
  class space    used 2273K, committed 2432K, reserved 1048576K
}
Event: 40.301 GC heap after
{Heap after GC invocations=17 (full 0):
 garbage-first heap   total 128000K, used 30705K [0x000000008a400000, 0x0000000100000000)
  region size 1024K, 4 young (4096K), 4 survivors (4096K)
 Metaspace       used 24944K, committed 25280K, reserved 1114112K
  class space    used 2273K, committed 2432K, reserved 1048576K
}
Event: 40.783 GC heap before
{Heap before GC invocations=17 (full 0):
 garbage-first heap   total 128000K, used 65521K [0x000000008a400000, 0x0000000100000000)
  region size 1024K, 10 young (10240K), 4 survivors (4096K)
 Metaspace       used 24990K, committed 25280K, reserved 1114112K
  class space    used 2273K, committed 2432K, reserved 1048576K
}
Event: 40.788 GC heap after
{Heap after GC invocations=18 (full 0):
 garbage-first heap   total 128000K, used 28870K [0x000000008a400000, 0x0000000100000000)
  region size 1024K, 4 young (4096K), 4 survivors (4096K)
 Metaspace       used 24990K, committed 25280K, reserved 1114112K
  class space    used 2273K, committed 2432K, reserved 1048576K
}
Event: 41.323 GC heap before
{Heap before GC invocations=18 (full 0):
 garbage-first heap   total 128000K, used 65734K [0x000000008a400000, 0x0000000100000000)
  region size 1024K, 10 young (10240K), 4 survivors (4096K)
 Metaspace       used 25050K, committed 25344K, reserved 1114112K
  class space    used 2275K, committed 2432K, reserved 1048576K
}
Event: 41.327 GC heap after
{Heap after GC invocations=19 (full 0):
 garbage-first heap   total 128000K, used 29881K [0x000000008a400000, 0x0000000100000000)
  region size 1024K, 4 young (4096K), 4 survivors (4096K)
 Metaspace       used 25050K, committed 25344K, reserved 1114112K
  class space    used 2275K, committed 2432K, reserved 1048576K
}
Event: 41.802 GC heap before
{Heap before GC invocations=19 (full 0):
 garbage-first heap   total 128000K, used 61625K [0x000000008a400000, 0x0000000100000000)
  region size 1024K, 6 young (6144K), 4 survivors (4096K)
 Metaspace       used 25056K, committed 25344K, reserved 1114112K
  class space    used 2275K, committed 2432K, reserved 1048576K
}
Event: 41.805 GC heap after
{Heap after GC invocations=20 (full 0):
 garbage-first heap   total 128000K, used 28454K [0x000000008a400000, 0x0000000100000000)
  region size 1024K, 3 young (3072K), 3 survivors (3072K)
 Metaspace       used 25056K, committed 25344K, reserved 1114112K
  class space    used 2275K, committed 2432K, reserved 1048576K
}

