# JRE version: Java(TM) SE Runtime Environment (21.0.1+12) (build 21.0.1+12-LTS-29)
# Java VM: Java HotSpot(TM) 64-Bit Server VM (21.0.1+12-LTS-29, mixed mode, sharing, tiered, compressed oops, compressed class ptrs, g1 gc, windows-amd64)
GC Precious Log:
 CardTable entry size: 512
 Card Set container configuration: InlinePtr #cards 5 size 8 Array Of Cards #cards 12 size 40 Howl #buckets 4 coarsen threshold 1843 Howl Bitmap #cards 512 size 80 coarsen threshold 460 Card regions per heap region 1 cards per card region 2048
 CPUs: 8 total, 8 available
 Memory: 7531M
 Large Page Support: Disabled
 NUMA Support: Disabled
 Compressed Oops: Enabled (32-bit)
 Heap Region Size: 1M
 Heap Min Capacity: 8M
 Heap Initial Capacity: 118M
 Heap Max Capacity: 1884M
 Pre-touch: Disabled
 Parallel Workers: 8
 Concurrent Workers: 2
 Concurrent Refinement Workers: 8
 Periodic GC: Disabled
Heap:
 garbage-first heap   total 316416K, used 65005K [0x000000008a400000, 0x0000000100000000)
  region size 1024K, 5 young (5120K), 3 survivors (3072K)
 Metaspace       used 24282K, committed 24576K, reserved 1114112K
  class space    used 2223K, committed 2368K, reserved 1048576K
GC Heap History (20 events):
Event: 13.888 GC heap before
{Heap before GC invocations=9 (full 0):
 garbage-first heap   total 120832K, used 55637K [0x000000008a400000, 0x0000000100000000)
  region size 1024K, 4 young (4096K), 2 survivors (2048K)
 Metaspace       used 19540K, committed 19776K, reserved 1114112K
  class space    used 1739K, committed 1856K, reserved 1048576K
}
Event: 13.891 GC heap after
{Heap after GC invocations=10 (full 0):
 garbage-first heap   total 120832K, used 22836K [0x000000008a400000, 0x0000000100000000)
  region size 1024K, 2 young (2048K), 2 survivors (2048K)
 Metaspace       used 19540K, committed 19776K, reserved 1114112K
  class space    used 1739K, committed 1856K, reserved 1048576K
}
Event: 14.389 GC heap before
{Heap before GC invocations=10 (full 0):
 garbage-first heap   total 120832K, used 55604K [0x000000008a400000, 0x0000000100000000)
  region size 1024K, 4 young (4096K), 2 survivors (2048K)
 Metaspace       used 19560K, committed 19776K, reserved 1114112K
  class space    used 1740K, committed 1856K, reserved 1048576K
}
Event: 14.391 GC heap after
{Heap after GC invocations=11 (full 0):
 garbage-first heap   total 120832K, used 22869K [0x000000008a400000, 0x0000000100000000)
  region size 1024K, 2 young (2048K), 2 survivors (2048K)
 Metaspace       used 19560K, committed 19776K, reserved 1114112K
  class space    used 1740K, committed 1856K, reserved 1048576K
}
Event: 14.912 GC heap before
{Heap before GC invocations=11 (full 0):
 garbage-first heap   total 120832K, used 55637K [0x000000008a400000, 0x0000000100000000)
  region size 1024K, 4 young (4096K), 2 survivors (2048K)
 Metaspace       used 19565K, committed 19840K, reserved 1114112K
  class space    used 1740K, committed 1856K, reserved 1048576K
}
Event: 14.914 GC heap after
{Heap after GC invocations=12 (full 0):
 garbage-first heap   total 120832K, used 22840K [0x000000008a400000, 0x0000000100000000)
  region size 1024K, 2 young (2048K), 2 survivors (2048K)
 Metaspace       used 19565K, committed 19840K, reserved 1114112K
  class space    used 1740K, committed 1856K, reserved 1048576K
}
Event: 15.414 GC heap before
{Heap before GC invocations=12 (full 0):
 garbage-first heap   total 120832K, used 55608K [0x000000008a400000, 0x0000000100000000)
  region size 1024K, 4 young (4096K), 2 survivors (2048K)
 Metaspace       used 19566K, committed 19840K, reserved 1114112K
  class space    used 1740K, committed 1856K, reserved 1048576K
}
Event: 15.415 GC heap after
{Heap after GC invocations=13 (full 0):
 garbage-first heap   total 120832K, used 22874K [0x000000008a400000, 0x0000000100000000)
  region size 1024K, 2 young (2048K), 2 survivors (2048K)
 Metaspace       used 19566K, committed 19840K, reserved 1114112K
  class space    used 1740K, committed 1856K, reserved 1048576K
}
Event: 15.958 GC heap before
{Heap before GC invocations=13 (full 0):
 garbage-first heap   total 120832K, used 55642K [0x000000008a400000, 0x0000000100000000)
  region size 1024K, 4 young (4096K), 2 survivors (2048K)
 Metaspace       used 19569K, committed 19840K, reserved 1114112K
  class space    used 1740K, committed 1856K, reserved 1048576K
}
Event: 15.959 GC heap after
{Heap after GC invocations=14 (full 0):
 garbage-first heap   total 120832K, used 22906K [0x000000008a400000, 0x0000000100000000)
  region size 1024K, 2 young (2048K), 2 survivors (2048K)
 Metaspace       used 19569K, committed 19840K, reserved 1114112K
  class space    used 1740K, committed 1856K, reserved 1048576K
}
Event: 16.484 GC heap before
{Heap before GC invocations=14 (full 0):
 garbage-first heap   total 120832K, used 55674K [0x000000008a400000, 0x0000000100000000)
  region size 1024K, 4 young (4096K), 2 survivors (2048K)
 Metaspace       used 19579K, committed 19840K, reserved 1114112K
  class space    used 1740K, committed 1856K, reserved 1048576K
}
Event: 16.486 GC heap after
{Heap after GC invocations=15 (full 0):
 garbage-first heap   total 120832K, used 22871K [0x000000008a400000, 0x0000000100000000)
  region size 1024K, 2 young (2048K), 2 survivors (2048K)
 Metaspace       used 19579K, committed 19840K, reserved 1114112K
  class space    used 1740K, committed 1856K, reserved 1048576K
}
Event: 17.080 GC heap before
{Heap before GC invocations=15 (full 0):
 garbage-first heap   total 120832K, used 53591K [0x000000008a400000, 0x0000000100000000)
  region size 1024K, 14 young (14336K), 2 survivors (2048K)
 Metaspace       used 21312K, committed 21504K, reserved 1114112K
  class space    used 1905K, committed 1984K, reserved 1048576K
}
Event: 17.082 GC heap after
{Heap after GC invocations=16 (full 0):
 garbage-first heap   total 120832K, used 17390K [0x000000008a400000, 0x0000000100000000)
  region size 1024K, 2 young (2048K), 2 survivors (2048K)
 Metaspace       used 21312K, committed 21504K, reserved 1114112K
  class space    used 1905K, committed 1984K, reserved 1048576K
}
Event: 25.748 GC heap before
{Heap before GC invocations=17 (full 0):
 garbage-first heap   total 178176K, used 177134K [0x000000008a400000, 0x0000000100000000)
  region size 1024K, 17 young (17408K), 2 survivors (2048K)
 Metaspace       used 24172K, committed 24448K, reserved 1114112K
  class space    used 2223K, committed 2368K, reserved 1048576K
}
Event: 25.751 GC heap after
{Heap after GC invocations=18 (full 0):
 garbage-first heap   total 183296K, used 81408K [0x000000008a400000, 0x0000000100000000)
  region size 1024K, 4 young (4096K), 4 survivors (4096K)
 Metaspace       used 24172K, committed 24448K, reserved 1114112K
  class space    used 2223K, committed 2368K, reserved 1048576K
}
Event: 29.409 GC heap before
{Heap before GC invocations=18 (full 0):
 garbage-first heap   total 313344K, used 310784K [0x000000008a400000, 0x0000000100000000)
  region size 1024K, 10 young (10240K), 4 survivors (4096K)
 Metaspace       used 24257K, committed 24512K, reserved 1114112K
  class space    used 2223K, committed 2368K, reserved 1048576K
}
Event: 29.412 GC heap after
{Heap after GC invocations=19 (full 0):
 garbage-first heap   total 316416K, used 123435K [0x000000008a400000, 0x0000000100000000)
  region size 1024K, 3 young (3072K), 3 survivors (3072K)
 Metaspace       used 24257K, committed 24512K, reserved 1114112K
  class space    used 2223K, committed 2368K, reserved 1048576K
}
Event: 29.760 GC heap before
{Heap before GC invocations=19 (full 0):
 garbage-first heap   total 316416K, used 146987K [0x000000008a400000, 0x0000000100000000)
  region size 1024K, 6 young (6144K), 3 survivors (3072K)
 Metaspace       used 24282K, committed 24576K, reserved 1114112K
  class space    used 2223K, committed 2368K, reserved 1048576K
}
Event: 29.763 GC heap after
{Heap after GC invocations=20 (full 0):
 garbage-first heap   total 316416K, used 23021K [0x000000008a400000, 0x0000000100000000)
  region size 1024K, 3 young (3072K), 3 survivors (3072K)
 Metaspace       used 24282K, committed 24576K, reserved 1114112K
  class space    used 2223K, committed 2368K, reserved 1048576K
}

