# JRE version: Java(TM) SE Runtime Environment (21.0.1+12) (build 21.0.1+12-LTS-29)
# Java VM: Java HotSpot(TM) 64-Bit Server VM (21.0.1+12-LTS-29, mixed mode, sharing, tiered, compressed oops, compressed class ptrs, g1 gc, windows-amd64)
GC Precious Log:
 CardTable entry size: 512
 Card Set container configuration: InlinePtr #cards 5 size 8 Array Of Cards #cards 12 size 40 Howl #buckets 4 coarsen threshold 1843 Howl Bitmap #cards 512 size 80 coarsen threshold 460 Card regions per heap region 1 cards per card region 2048
 CPUs: 8 total, 8 available
 Memory: 7531M
 Large Page Support: Disabled
 NUMA Support: Disabled
 Compressed Oops: Enabled (32-bit)
 Heap Region Size: 1M
 Heap Min Capacity: 8M
 Heap Initial Capacity: 118M
 Heap Max Capacity: 1884M
 Pre-touch: Disabled
 Parallel Workers: 8
 Concurrent Workers: 2
 Concurrent Refinement Workers: 8
 Periodic GC: Disabled
Heap:
 garbage-first heap   total 58368K, used 17606K [0x000000008a400000, 0x0000000100000000)
  region size 1024K, 2 young (2048K), 1 survivors (1024K)
 Metaspace       used 24248K, committed 24512K, reserved 1114112K
  class space    used 2219K, committed 2368K, reserved 1048576K
GC Heap History (20 events):
Event: 29.929 GC heap before
{Heap before GC invocations=66 (full 0):
 garbage-first heap   total 58368K, used 24748K [0x000000008a400000, 0x0000000100000000)
  region size 1024K, 2 young (2048K), 1 survivors (1024K)
 Metaspace       used 24131K, committed 24384K, reserved 1114112K
  class space    used 2207K, committed 2368K, reserved 1048576K
}
Event: 29.930 GC heap after
{Heap after GC invocations=67 (full 0):
 garbage-first heap   total 58368K, used 16556K [0x000000008a400000, 0x0000000100000000)
  region size 1024K, 1 young (1024K), 1 survivors (1024K)
 Metaspace       used 24131K, committed 24384K, reserved 1114112K
  class space    used 2207K, committed 2368K, reserved 1048576K
}
Event: 30.040 GC heap before
{Heap before GC invocations=67 (full 0):
 garbage-first heap   total 58368K, used 24748K [0x000000008a400000, 0x0000000100000000)
  region size 1024K, 2 young (2048K), 1 survivors (1024K)
 Metaspace       used 24131K, committed 24384K, reserved 1114112K
  class space    used 2207K, committed 2368K, reserved 1048576K
}
Event: 30.041 GC heap after
{Heap after GC invocations=68 (full 0):
 garbage-first heap   total 58368K, used 16557K [0x000000008a400000, 0x0000000100000000)
  region size 1024K, 1 young (1024K), 1 survivors (1024K)
 Metaspace       used 24131K, committed 24384K, reserved 1114112K
  class space    used 2207K, committed 2368K, reserved 1048576K
}
Event: 30.169 GC heap before
{Heap before GC invocations=68 (full 0):
 garbage-first heap   total 58368K, used 24749K [0x000000008a400000, 0x0000000100000000)
  region size 1024K, 2 young (2048K), 1 survivors (1024K)
 Metaspace       used 24131K, committed 24384K, reserved 1114112K
  class space    used 2207K, committed 2368K, reserved 1048576K
}
Event: 30.170 GC heap after
{Heap after GC invocations=69 (full 0):
 garbage-first heap   total 58368K, used 16559K [0x000000008a400000, 0x0000000100000000)
  region size 1024K, 1 young (1024K), 1 survivors (1024K)
 Metaspace       used 24131K, committed 24384K, reserved 1114112K
  class space    used 2207K, committed 2368K, reserved 1048576K
}
Event: 30.305 GC heap before
{Heap before GC invocations=69 (full 0):
 garbage-first heap   total 58368K, used 24751K [0x000000008a400000, 0x0000000100000000)
  region size 1024K, 2 young (2048K), 1 survivors (1024K)
 Metaspace       used 24131K, committed 24384K, reserved 1114112K
  class space    used 2207K, committed 2368K, reserved 1048576K
}
Event: 30.305 GC heap after
{Heap after GC invocations=70 (full 0):
 garbage-first heap   total 58368K, used 16558K [0x000000008a400000, 0x0000000100000000)
  region size 1024K, 1 young (1024K), 1 survivors (1024K)
 Metaspace       used 24131K, committed 24384K, reserved 1114112K
  class space    used 2207K, committed 2368K, reserved 1048576K
}
Event: 30.427 GC heap before
{Heap before GC invocations=70 (full 0):
 garbage-first heap   total 58368K, used 24750K [0x000000008a400000, 0x0000000100000000)
  region size 1024K, 2 young (2048K), 1 survivors (1024K)
 Metaspace       used 24136K, committed 24384K, reserved 1114112K
  class space    used 2207K, committed 2368K, reserved 1048576K
}
Event: 30.428 GC heap after
{Heap after GC invocations=71 (full 0):
 garbage-first heap   total 58368K, used 16558K [0x000000008a400000, 0x0000000100000000)
  region size 1024K, 1 young (1024K), 1 survivors (1024K)
 Metaspace       used 24136K, committed 24384K, reserved 1114112K
  class space    used 2207K, committed 2368K, reserved 1048576K
}
Event: 30.540 GC heap before
{Heap before GC invocations=71 (full 0):
 garbage-first heap   total 58368K, used 24750K [0x000000008a400000, 0x0000000100000000)
  region size 1024K, 2 young (2048K), 1 survivors (1024K)
 Metaspace       used 24138K, committed 24384K, reserved 1114112K
  class space    used 2207K, committed 2368K, reserved 1048576K
}
Event: 30.540 GC heap after
{Heap after GC invocations=72 (full 0):
 garbage-first heap   total 58368K, used 16567K [0x000000008a400000, 0x0000000100000000)
  region size 1024K, 1 young (1024K), 1 survivors (1024K)
 Metaspace       used 24138K, committed 24384K, reserved 1114112K
  class space    used 2207K, committed 2368K, reserved 1048576K
}
Event: 30.711 GC heap before
{Heap before GC invocations=72 (full 0):
 garbage-first heap   total 58368K, used 24759K [0x000000008a400000, 0x0000000100000000)
  region size 1024K, 2 young (2048K), 1 survivors (1024K)
 Metaspace       used 24142K, committed 24384K, reserved 1114112K
  class space    used 2207K, committed 2368K, reserved 1048576K
}
Event: 30.712 GC heap after
{Heap after GC invocations=73 (full 0):
 garbage-first heap   total 58368K, used 16570K [0x000000008a400000, 0x0000000100000000)
  region size 1024K, 1 young (1024K), 1 survivors (1024K)
 Metaspace       used 24142K, committed 24384K, reserved 1114112K
  class space    used 2207K, committed 2368K, reserved 1048576K
}
Event: 30.829 GC heap before
{Heap before GC invocations=73 (full 0):
 garbage-first heap   total 58368K, used 25786K [0x000000008a400000, 0x0000000100000000)
  region size 1024K, 3 young (3072K), 1 survivors (1024K)
 Metaspace       used 24242K, committed 24512K, reserved 1114112K
  class space    used 2219K, committed 2368K, reserved 1048576K
}
Event: 30.830 GC heap after
{Heap after GC invocations=74 (full 0):
 garbage-first heap   total 58368K, used 16590K [0x000000008a400000, 0x0000000100000000)
  region size 1024K, 1 young (1024K), 1 survivors (1024K)
 Metaspace       used 24242K, committed 24512K, reserved 1114112K
  class space    used 2219K, committed 2368K, reserved 1048576K
}
Event: 30.955 GC heap before
{Heap before GC invocations=74 (full 0):
 garbage-first heap   total 58368K, used 25806K [0x000000008a400000, 0x0000000100000000)
  region size 1024K, 3 young (3072K), 1 survivors (1024K)
 Metaspace       used 24248K, committed 24512K, reserved 1114112K
  class space    used 2219K, committed 2368K, reserved 1048576K
}
Event: 30.955 GC heap after
{Heap after GC invocations=75 (full 0):
 garbage-first heap   total 58368K, used 17623K [0x000000008a400000, 0x0000000100000000)
  region size 1024K, 1 young (1024K), 1 survivors (1024K)
 Metaspace       used 24248K, committed 24512K, reserved 1114112K
  class space    used 2219K, committed 2368K, reserved 1048576K
}
Event: 31.125 GC heap before
{Heap before GC invocations=75 (full 0):
 garbage-first heap   total 58368K, used 24791K [0x000000008a400000, 0x0000000100000000)
  region size 1024K, 2 young (2048K), 1 survivors (1024K)
 Metaspace       used 24248K, committed 24512K, reserved 1114112K
  class space    used 2219K, committed 2368K, reserved 1048576K
}
Event: 31.126 GC heap after
{Heap after GC invocations=76 (full 0):
 garbage-first heap   total 58368K, used 16580K [0x000000008a400000, 0x0000000100000000)
  region size 1024K, 1 young (1024K), 1 survivors (1024K)
 Metaspace       used 24248K, committed 24512K, reserved 1114112K
  class space    used 2219K, committed 2368K, reserved 1048576K
}

