# JRE version: Java(TM) SE Runtime Environment (21.0.1+12) (build 21.0.1+12-LTS-29)
# Java VM: Java HotSpot(TM) 64-Bit Server VM (21.0.1+12-LTS-29, mixed mode, sharing, tiered, compressed oops, compressed class ptrs, g1 gc, windows-amd64)
GC Precious Log:
 CardTable entry size: 512
 Card Set container configuration: InlinePtr #cards 5 size 8 Array Of Cards #cards 12 size 40 Howl #buckets 4 coarsen threshold 1843 Howl Bitmap #cards 512 size 80 coarsen threshold 460 Card regions per heap region 1 cards per card region 2048
 CPUs: 8 total, 8 available
 Memory: 7531M
 Large Page Support: Disabled
 NUMA Support: Disabled
 Compressed Oops: Enabled (32-bit)
 Heap Region Size: 1M
 Heap Min Capacity: 8M
 Heap Initial Capacity: 118M
 Heap Max Capacity: 1884M
 Pre-touch: Disabled
 Parallel Workers: 8
 Concurrent Workers: 2
 Concurrent Refinement Workers: 8
 Periodic GC: Disabled
Heap:
 garbage-first heap   total 66560K, used 27410K [0x000000008a400000, 0x0000000100000000)
  region size 1024K, 2 young (2048K), 1 survivors (1024K)
 Metaspace       used 25232K, committed 25472K, reserved 1114112K
  class space    used 2246K, committed 2368K, reserved 1048576K
GC Heap History (20 events):
Event: 57.556 GC heap before
{Heap before GC invocations=88 (full 0):
 garbage-first heap   total 66560K, used 30568K [0x000000008a400000, 0x0000000100000000)
  region size 1024K, 3 young (3072K), 1 survivors (1024K)
 Metaspace       used 25219K, committed 25472K, reserved 1114112K
  class space    used 2246K, committed 2368K, reserved 1048576K
}
Event: 57.557 GC heap after
{Heap after GC invocations=89 (full 0):
 garbage-first heap   total 66560K, used 22319K [0x000000008a400000, 0x0000000100000000)
  region size 1024K, 1 young (1024K), 1 survivors (1024K)
 Metaspace       used 25219K, committed 25472K, reserved 1114112K
  class space    used 2246K, committed 2368K, reserved 1048576K
}
Event: 61.552 GC heap before
{Heap before GC invocations=89 (full 0):
 garbage-first heap   total 66560K, used 31535K [0x000000008a400000, 0x0000000100000000)
  region size 1024K, 4 young (4096K), 1 survivors (1024K)
 Metaspace       used 25232K, committed 25472K, reserved 1114112K
  class space    used 2246K, committed 2368K, reserved 1048576K
}
Event: 61.552 GC heap after
{Heap after GC invocations=90 (full 0):
 garbage-first heap   total 66560K, used 22346K [0x000000008a400000, 0x0000000100000000)
  region size 1024K, 1 young (1024K), 1 survivors (1024K)
 Metaspace       used 25232K, committed 25472K, reserved 1114112K
  class space    used 2246K, committed 2368K, reserved 1048576K
}
Event: 61.694 GC heap before
{Heap before GC invocations=90 (full 0):
 garbage-first heap   total 66560K, used 29514K [0x000000008a400000, 0x0000000100000000)
  region size 1024K, 2 young (2048K), 1 survivors (1024K)
 Metaspace       used 25232K, committed 25472K, reserved 1114112K
  class space    used 2246K, committed 2368K, reserved 1048576K
}
Event: 61.695 GC heap after
{Heap after GC invocations=91 (full 0):
 garbage-first heap   total 66560K, used 22276K [0x000000008a400000, 0x0000000100000000)
  region size 1024K, 1 young (1024K), 1 survivors (1024K)
 Metaspace       used 25232K, committed 25472K, reserved 1114112K
  class space    used 2246K, committed 2368K, reserved 1048576K
}
Event: 61.763 GC heap before
{Heap before GC invocations=91 (full 0):
 garbage-first heap   total 66560K, used 29444K [0x000000008a400000, 0x0000000100000000)
  region size 1024K, 2 young (2048K), 1 survivors (1024K)
 Metaspace       used 25232K, committed 25472K, reserved 1114112K
  class space    used 2246K, committed 2368K, reserved 1048576K
}
Event: 61.764 GC heap after
{Heap after GC invocations=92 (full 0):
 garbage-first heap   total 66560K, used 23320K [0x000000008a400000, 0x0000000100000000)
  region size 1024K, 1 young (1024K), 1 survivors (1024K)
 Metaspace       used 25232K, committed 25472K, reserved 1114112K
  class space    used 2246K, committed 2368K, reserved 1048576K
}
Event: 61.872 GC heap before
{Heap before GC invocations=92 (full 0):
 garbage-first heap   total 66560K, used 29464K [0x000000008a400000, 0x0000000100000000)
  region size 1024K, 2 young (2048K), 1 survivors (1024K)
 Metaspace       used 25232K, committed 25472K, reserved 1114112K
  class space    used 2246K, committed 2368K, reserved 1048576K
}
Event: 61.873 GC heap after
{Heap after GC invocations=93 (full 0):
 garbage-first heap   total 66560K, used 23309K [0x000000008a400000, 0x0000000100000000)
  region size 1024K, 1 young (1024K), 1 survivors (1024K)
 Metaspace       used 25232K, committed 25472K, reserved 1114112K
  class space    used 2246K, committed 2368K, reserved 1048576K
}
Event: 62.000 GC heap before
{Heap before GC invocations=93 (full 0):
 garbage-first heap   total 66560K, used 29453K [0x000000008a400000, 0x0000000100000000)
  region size 1024K, 2 young (2048K), 1 survivors (1024K)
 Metaspace       used 25232K, committed 25472K, reserved 1114112K
  class space    used 2246K, committed 2368K, reserved 1048576K
}
Event: 62.000 GC heap after
{Heap after GC invocations=94 (full 0):
 garbage-first heap   total 66560K, used 22282K [0x000000008a400000, 0x0000000100000000)
  region size 1024K, 1 young (1024K), 1 survivors (1024K)
 Metaspace       used 25232K, committed 25472K, reserved 1114112K
  class space    used 2246K, committed 2368K, reserved 1048576K
}
Event: 62.110 GC heap before
{Heap before GC invocations=94 (full 0):
 garbage-first heap   total 66560K, used 30474K [0x000000008a400000, 0x0000000100000000)
  region size 1024K, 3 young (3072K), 1 survivors (1024K)
 Metaspace       used 25232K, committed 25472K, reserved 1114112K
  class space    used 2246K, committed 2368K, reserved 1048576K
}
Event: 62.111 GC heap after
{Heap after GC invocations=95 (full 0):
 garbage-first heap   total 66560K, used 22274K [0x000000008a400000, 0x0000000100000000)
  region size 1024K, 1 young (1024K), 1 survivors (1024K)
 Metaspace       used 25232K, committed 25472K, reserved 1114112K
  class space    used 2246K, committed 2368K, reserved 1048576K
}
Event: 62.178 GC heap before
{Heap before GC invocations=95 (full 0):
 garbage-first heap   total 66560K, used 29442K [0x000000008a400000, 0x0000000100000000)
  region size 1024K, 2 young (2048K), 1 survivors (1024K)
 Metaspace       used 25232K, committed 25472K, reserved 1114112K
  class space    used 2246K, committed 2368K, reserved 1048576K
}
Event: 62.179 GC heap after
{Heap after GC invocations=96 (full 0):
 garbage-first heap   total 66560K, used 23317K [0x000000008a400000, 0x0000000100000000)
  region size 1024K, 1 young (1024K), 1 survivors (1024K)
 Metaspace       used 25232K, committed 25472K, reserved 1114112K
  class space    used 2246K, committed 2368K, reserved 1048576K
}
Event: 62.287 GC heap before
{Heap before GC invocations=96 (full 0):
 garbage-first heap   total 66560K, used 29461K [0x000000008a400000, 0x0000000100000000)
  region size 1024K, 2 young (2048K), 1 survivors (1024K)
 Metaspace       used 25232K, committed 25472K, reserved 1114112K
  class space    used 2246K, committed 2368K, reserved 1048576K
}
Event: 62.288 GC heap after
{Heap after GC invocations=97 (full 0):
 garbage-first heap   total 66560K, used 23306K [0x000000008a400000, 0x0000000100000000)
  region size 1024K, 1 young (1024K), 1 survivors (1024K)
 Metaspace       used 25232K, committed 25472K, reserved 1114112K
  class space    used 2246K, committed 2368K, reserved 1048576K
}
Event: 62.416 GC heap before
{Heap before GC invocations=97 (full 0):
 garbage-first heap   total 66560K, used 29450K [0x000000008a400000, 0x0000000100000000)
  region size 1024K, 2 young (2048K), 1 survivors (1024K)
 Metaspace       used 25232K, committed 25472K, reserved 1114112K
  class space    used 2246K, committed 2368K, reserved 1048576K
}
Event: 62.417 GC heap after
{Heap after GC invocations=98 (full 0):
 garbage-first heap   total 66560K, used 22285K [0x000000008a400000, 0x0000000100000000)
  region size 1024K, 1 young (1024K), 1 survivors (1024K)
 Metaspace       used 25232K, committed 25472K, reserved 1114112K
  class space    used 2246K, committed 2368K, reserved 1048576K
}

