# JRE version: Java(TM) SE Runtime Environment (21.0.1+12) (build 21.0.1+12-LTS-29)
# Java VM: Java HotSpot(TM) 64-Bit Server VM (21.0.1+12-LTS-29, mixed mode, sharing, tiered, compressed oops, compressed class ptrs, g1 gc, windows-amd64)
GC Precious Log:
 CardTable entry size: 512
 Card Set container configuration: InlinePtr #cards 5 size 8 Array Of Cards #cards 12 size 40 Howl #buckets 4 coarsen threshold 1843 Howl Bitmap #cards 512 size 80 coarsen threshold 460 Card regions per heap region 1 cards per card region 2048
 CPUs: 8 total, 8 available
 Memory: 7531M
 Large Page Support: Disabled
 NUMA Support: Disabled
 Compressed Oops: Enabled (32-bit)
 Heap Region Size: 1M
 Heap Min Capacity: 8M
 Heap Initial Capacity: 118M
 Heap Max Capacity: 1884M
 Pre-touch: Disabled
 Parallel Workers: 8
 Concurrent Workers: 2
 Concurrent Refinement Workers: 8
 Periodic GC: Disabled
Heap:
 garbage-first heap   total 110592K, used 86518K [0x000000008a400000, 0x0000000100000000)
  region size 1024K, 7 young (7168K), 4 survivors (4096K)
 Metaspace       used 23989K, committed 24256K, reserved 1114112K
  class space    used 2218K, committed 2368K, reserved 1048576K
GC Heap History (10 events):
Event: 4.148 GC heap before
{Heap before GC invocations=0 (full 0):
 garbage-first heap   total 120832K, used 22528K [0x000000008a400000, 0x0000000100000000)
  region size 1024K, 23 young (23552K), 0 survivors (0K)
 Metaspace       used 9710K, committed 9984K, reserved 1114112K
  class space    used 1082K, committed 1216K, reserved 1048576K
}
Event: 4.154 GC heap after
{Heap after GC invocations=1 (full 0):
 garbage-first heap   total 120832K, used 5120K [0x000000008a400000, 0x0000000100000000)
  region size 1024K, 3 young (3072K), 3 survivors (3072K)
 Metaspace       used 9710K, committed 9984K, reserved 1114112K
  class space    used 1082K, committed 1216K, reserved 1048576K
}
Event: 4.518 GC heap before
{Heap before GC invocations=1 (full 0):
 garbage-first heap   total 120832K, used 39936K [0x000000008a400000, 0x0000000100000000)
  region size 1024K, 32 young (32768K), 3 survivors (3072K)
 Metaspace       used 14359K, committed 14592K, reserved 1114112K
  class space    used 1110K, committed 1216K, reserved 1048576K
}
Event: 4.522 GC heap after
{Heap after GC invocations=2 (full 0):
 garbage-first heap   total 120832K, used 5723K [0x000000008a400000, 0x0000000100000000)
  region size 1024K, 1 young (1024K), 1 survivors (1024K)
 Metaspace       used 14359K, committed 14592K, reserved 1114112K
  class space    used 1110K, committed 1216K, reserved 1048576K
}
Event: 4.914 GC heap before
{Heap before GC invocations=2 (full 0):
 garbage-first heap   total 120832K, used 76379K [0x000000008a400000, 0x0000000100000000)
  region size 1024K, 70 young (71680K), 1 survivors (1024K)
 Metaspace       used 15890K, committed 16128K, reserved 1114112K
  class space    used 1327K, committed 1472K, reserved 1048576K
}
Event: 4.915 GC heap after
{Heap after GC invocations=3 (full 0):
 garbage-first heap   total 120832K, used 5851K [0x000000008a400000, 0x0000000100000000)
  region size 1024K, 1 young (1024K), 1 survivors (1024K)
 Metaspace       used 15890K, committed 16128K, reserved 1114112K
  class space    used 1327K, committed 1472K, reserved 1048576K
}
Event: 8.825 GC heap before
{Heap before GC invocations=3 (full 0):
 garbage-first heap   total 120832K, used 57051K [0x000000008a400000, 0x0000000100000000)
  region size 1024K, 50 young (51200K), 1 survivors (1024K)
 Metaspace       used 21273K, committed 21504K, reserved 1114112K
  class space    used 1912K, committed 2048K, reserved 1048576K
}
Event: 8.827 GC heap after
{Heap after GC invocations=4 (full 0):
 garbage-first heap   total 120832K, used 8038K [0x000000008a400000, 0x0000000100000000)
  region size 1024K, 2 young (2048K), 2 survivors (2048K)
 Metaspace       used 21273K, committed 21504K, reserved 1114112K
  class space    used 1912K, committed 2048K, reserved 1048576K
}
Event: 14.923 GC heap before
{Heap before GC invocations=5 (full 0):
 garbage-first heap   total 106496K, used 105318K [0x000000008a400000, 0x0000000100000000)
  region size 1024K, 16 young (16384K), 2 survivors (2048K)
 Metaspace       used 23973K, committed 24256K, reserved 1114112K
  class space    used 2218K, committed 2368K, reserved 1048576K
}
Event: 14.926 GC heap after
{Heap after GC invocations=6 (full 0):
 garbage-first heap   total 110592K, used 50678K [0x000000008a400000, 0x0000000100000000)
  region size 1024K, 4 young (4096K), 4 survivors (4096K)
 Metaspace       used 23973K, committed 24256K, reserved 1114112K
  class space    used 2218K, committed 2368K, reserved 1048576K
}

