# JRE version: Java(TM) SE Runtime Environment (21.0.1+12) (build 21.0.1+12-LTS-29)
# Java VM: Java HotSpot(TM) 64-Bit Server VM (21.0.1+12-LTS-29, mixed mode, sharing, tiered, compressed oops, compressed class ptrs, g1 gc, windows-amd64)
GC Precious Log:
 CardTable entry size: 512
 Card Set container configuration: InlinePtr #cards 5 size 8 Array Of Cards #cards 12 size 40 Howl #buckets 4 coarsen threshold 1843 Howl Bitmap #cards 512 size 80 coarsen threshold 460 Card regions per heap region 1 cards per card region 2048
 CPUs: 8 total, 8 available
 Memory: 7531M
 Large Page Support: Disabled
 NUMA Support: Disabled
 Compressed Oops: Enabled (32-bit)
 Heap Region Size: 1M
 Heap Min Capacity: 8M
 Heap Initial Capacity: 118M
 Heap Max Capacity: 1884M
 Pre-touch: Disabled
 Parallel Workers: 8
 Concurrent Workers: 2
 Concurrent Refinement Workers: 8
 Periodic GC: Disabled
Heap:
 garbage-first heap   total 156672K, used 56647K [0x000000008a400000, 0x0000000100000000)
  region size 1024K, 4 young (4096K), 2 survivors (2048K)
 Metaspace       used 24208K, committed 24448K, reserved 1114112K
  class space    used 2225K, committed 2368K, reserved 1048576K
GC Heap History (20 events):
Event: 20.805 GC heap before
{Heap before GC invocations=10 (full 0):
 garbage-first heap   total 156672K, used 72932K [0x000000008a400000, 0x0000000100000000)
  region size 1024K, 5 young (5120K), 2 survivors (2048K)
 Metaspace       used 24043K, committed 24320K, reserved 1114112K
  class space    used 2218K, committed 2368K, reserved 1048576K
}
Event: 20.807 GC heap after
{Heap after GC invocations=11 (full 0):
 garbage-first heap   total 156672K, used 31967K [0x000000008a400000, 0x0000000100000000)
  region size 1024K, 2 young (2048K), 2 survivors (2048K)
 Metaspace       used 24043K, committed 24320K, reserved 1114112K
  class space    used 2218K, committed 2368K, reserved 1048576K
}
Event: 21.417 GC heap before
{Heap before GC invocations=11 (full 0):
 garbage-first heap   total 156672K, used 72927K [0x000000008a400000, 0x0000000100000000)
  region size 1024K, 5 young (5120K), 2 survivors (2048K)
 Metaspace       used 24058K, committed 24384K, reserved 1114112K
  class space    used 2218K, committed 2368K, reserved 1048576K
}
Event: 21.419 GC heap after
{Heap after GC invocations=12 (full 0):
 garbage-first heap   total 156672K, used 29940K [0x000000008a400000, 0x0000000100000000)
  region size 1024K, 2 young (2048K), 2 survivors (2048K)
 Metaspace       used 24058K, committed 24384K, reserved 1114112K
  class space    used 2218K, committed 2368K, reserved 1048576K
}
Event: 22.133 GC heap before
{Heap before GC invocations=12 (full 0):
 garbage-first heap   total 156672K, used 72948K [0x000000008a400000, 0x0000000100000000)
  region size 1024K, 5 young (5120K), 2 survivors (2048K)
 Metaspace       used 24066K, committed 24384K, reserved 1114112K
  class space    used 2218K, committed 2368K, reserved 1048576K
}
Event: 22.135 GC heap after
{Heap after GC invocations=13 (full 0):
 garbage-first heap   total 156672K, used 30955K [0x000000008a400000, 0x0000000100000000)
  region size 1024K, 2 young (2048K), 2 survivors (2048K)
 Metaspace       used 24066K, committed 24384K, reserved 1114112K
  class space    used 2218K, committed 2368K, reserved 1048576K
}
Event: 22.727 GC heap before
{Heap before GC invocations=13 (full 0):
 garbage-first heap   total 156672K, used 72939K [0x000000008a400000, 0x0000000100000000)
  region size 1024K, 5 young (5120K), 2 survivors (2048K)
 Metaspace       used 24086K, committed 24384K, reserved 1114112K
  class space    used 2218K, committed 2368K, reserved 1048576K
}
Event: 22.728 GC heap after
{Heap after GC invocations=14 (full 0):
 garbage-first heap   total 156672K, used 29973K [0x000000008a400000, 0x0000000100000000)
  region size 1024K, 2 young (2048K), 2 survivors (2048K)
 Metaspace       used 24086K, committed 24384K, reserved 1114112K
  class space    used 2218K, committed 2368K, reserved 1048576K
}
Event: 23.548 GC heap before
{Heap before GC invocations=14 (full 0):
 garbage-first heap   total 156672K, used 75029K [0x000000008a400000, 0x0000000100000000)
  region size 1024K, 7 young (7168K), 2 survivors (2048K)
 Metaspace       used 24138K, committed 24384K, reserved 1114112K
  class space    used 2225K, committed 2368K, reserved 1048576K
}
Event: 23.549 GC heap after
{Heap after GC invocations=15 (full 0):
 garbage-first heap   total 156672K, used 31126K [0x000000008a400000, 0x0000000100000000)
  region size 1024K, 2 young (2048K), 2 survivors (2048K)
 Metaspace       used 24138K, committed 24384K, reserved 1114112K
  class space    used 2225K, committed 2368K, reserved 1048576K
}
Event: 24.183 GC heap before
{Heap before GC invocations=15 (full 0):
 garbage-first heap   total 156672K, used 74134K [0x000000008a400000, 0x0000000100000000)
  region size 1024K, 6 young (6144K), 2 survivors (2048K)
 Metaspace       used 24145K, committed 24384K, reserved 1114112K
  class space    used 2225K, committed 2368K, reserved 1048576K
}
Event: 24.184 GC heap after
{Heap after GC invocations=16 (full 0):
 garbage-first heap   total 156672K, used 29975K [0x000000008a400000, 0x0000000100000000)
  region size 1024K, 2 young (2048K), 2 survivors (2048K)
 Metaspace       used 24145K, committed 24384K, reserved 1114112K
  class space    used 2225K, committed 2368K, reserved 1048576K
}
Event: 24.841 GC heap before
{Heap before GC invocations=16 (full 0):
 garbage-first heap   total 156672K, used 72983K [0x000000008a400000, 0x0000000100000000)
  region size 1024K, 5 young (5120K), 2 survivors (2048K)
 Metaspace       used 24202K, committed 24448K, reserved 1114112K
  class space    used 2225K, committed 2368K, reserved 1048576K
}
Event: 24.843 GC heap after
{Heap after GC invocations=17 (full 0):
 garbage-first heap   total 156672K, used 31012K [0x000000008a400000, 0x0000000100000000)
  region size 1024K, 2 young (2048K), 2 survivors (2048K)
 Metaspace       used 24202K, committed 24448K, reserved 1114112K
  class space    used 2225K, committed 2368K, reserved 1048576K
}
Event: 25.451 GC heap before
{Heap before GC invocations=17 (full 0):
 garbage-first heap   total 156672K, used 71972K [0x000000008a400000, 0x0000000100000000)
  region size 1024K, 4 young (4096K), 2 survivors (2048K)
 Metaspace       used 24205K, committed 24448K, reserved 1114112K
  class space    used 2225K, committed 2368K, reserved 1048576K
}
Event: 25.453 GC heap after
{Heap after GC invocations=18 (full 0):
 garbage-first heap   total 156672K, used 32080K [0x000000008a400000, 0x0000000100000000)
  region size 1024K, 2 young (2048K), 2 survivors (2048K)
 Metaspace       used 24205K, committed 24448K, reserved 1114112K
  class space    used 2225K, committed 2368K, reserved 1048576K
}
Event: 26.108 GC heap before
{Heap before GC invocations=18 (full 0):
 garbage-first heap   total 156672K, used 72016K [0x000000008a400000, 0x0000000100000000)
  region size 1024K, 4 young (4096K), 2 survivors (2048K)
 Metaspace       used 24205K, committed 24448K, reserved 1114112K
  class space    used 2225K, committed 2368K, reserved 1048576K
}
Event: 26.110 GC heap after
{Heap after GC invocations=19 (full 0):
 garbage-first heap   total 156672K, used 32063K [0x000000008a400000, 0x0000000100000000)
  region size 1024K, 2 young (2048K), 2 survivors (2048K)
 Metaspace       used 24205K, committed 24448K, reserved 1114112K
  class space    used 2225K, committed 2368K, reserved 1048576K
}
Event: 26.716 GC heap before
{Heap before GC invocations=19 (full 0):
 garbage-first heap   total 156672K, used 71999K [0x000000008a400000, 0x0000000100000000)
  region size 1024K, 4 young (4096K), 2 survivors (2048K)
 Metaspace       used 24208K, committed 24448K, reserved 1114112K
  class space    used 2225K, committed 2368K, reserved 1048576K
}
Event: 26.717 GC heap after
{Heap after GC invocations=20 (full 0):
 garbage-first heap   total 156672K, used 32071K [0x000000008a400000, 0x0000000100000000)
  region size 1024K, 2 young (2048K), 2 survivors (2048K)
 Metaspace       used 24208K, committed 24448K, reserved 1114112K
  class space    used 2225K, committed 2368K, reserved 1048576K
}

